0 info it worked if it ends with ok
1 verbose cli [ '/usr/local/Cellar/node/5.5.0/bin/node',
1 verbose cli   '/usr/local/bin/npm',
1 verbose cli   'run',
1 verbose cli   'update-schema' ]
2 info using npm@3.5.3
3 info using node@v5.5.0
4 verbose run-script [ 'preupdate-schema', 'update-schema', 'postupdate-schema' ]
5 info lifecycle rgr2@1.0.0~preupdate-schema: rgr2@1.0.0
6 silly lifecycle rgr2@1.0.0~preupdate-schema: no script for preupdate-schema, continuing
7 info lifecycle rgr2@1.0.0~update-schema: rgr2@1.0.0
8 verbose lifecycle rgr2@1.0.0~update-schema: unsafe-perm in lifecycle true
9 verbose lifecycle rgr2@1.0.0~update-schema: PATH: /usr/local/lib/node_modules/npm/bin/node-gyp-bin:/Users/ugeHidalgo/Documents/RGR2/node_modules/.bin:/Users/ugeHidalgo/bin/Sencha/Cmd/6.0.1.76/..:/usr/local/bin:/usr/bin:/bin:/usr/sbin:/sbin:/usr/local/mysql/bin
10 verbose lifecycle rgr2@1.0.0~update-schema: CWD: /Users/ugeHidalgo/Documents/RGR2
11 silly lifecycle rgr2@1.0.0~update-schema: Args: [ '-c', 'babel-node ./scripts/updateSchema.js' ]
12 silly lifecycle rgr2@1.0.0~update-schema: Returned: code: 1  signal: null
13 info lifecycle rgr2@1.0.0~update-schema: Failed to exec update-schema script
14 verbose stack Error: rgr2@1.0.0 update-schema: `babel-node ./scripts/updateSchema.js`
14 verbose stack Exit status 1
14 verbose stack     at EventEmitter.<anonymous> (/usr/local/lib/node_modules/npm/lib/utils/lifecycle.js:232:16)
14 verbose stack     at emitTwo (events.js:100:13)
14 verbose stack     at EventEmitter.emit (events.js:185:7)
14 verbose stack     at ChildProcess.<anonymous> (/usr/local/lib/node_modules/npm/lib/utils/spawn.js:24:14)
14 verbose stack     at emitTwo (events.js:100:13)
14 verbose stack     at ChildProcess.emit (events.js:185:7)
14 verbose stack     at maybeClose (internal/child_process.js:821:16)
14 verbose stack     at Process.ChildProcess._handle.onexit (internal/child_process.js:211:5)
15 verbose pkgid rgr2@1.0.0
16 verbose cwd /Users/ugeHidalgo/Documents/RGR2
17 error Darwin 14.5.0
18 error argv "/usr/local/Cellar/node/5.5.0/bin/node" "/usr/local/bin/npm" "run" "update-schema"
19 error node v5.5.0
20 error npm  v3.5.3
21 error code ELIFECYCLE
22 error rgr2@1.0.0 update-schema: `babel-node ./scripts/updateSchema.js`
22 error Exit status 1
23 error Failed at the rgr2@1.0.0 update-schema script 'babel-node ./scripts/updateSchema.js'.
23 error Make sure you have the latest version of node.js and npm installed.
23 error If you do, this is most likely a problem with the rgr2 package,
23 error not with npm itself.
23 error Tell the author that this fails on your system:
23 error     babel-node ./scripts/updateSchema.js
23 error You can get information on how to open an issue for this project with:
23 error     npm bugs rgr2
23 error Or if that isn't available, you can get their info via:
23 error     npm owner ls rgr2
23 error There is likely additional logging output above.
24 verbose exit [ 1, true ]
